# JRE version: OpenJDK Runtime Environment (8.0_152-b01) (build 1.8.0_152-release-1248-b01)
# Java VM: OpenJDK 64-Bit Server VM (25.152-b01 mixed mode windows-amd64 compressed oops)
Heap:
 PSYoungGen      total 150016K, used 113258K [0x00000000d5a00000, 0x00000000e1f80000, 0x0000000100000000)
  eden space 133120K, 72% used [0x00000000d5a00000,0x00000000db821908,0x00000000ddc00000)
  from space 16896K, 99% used [0x00000000e0f00000,0x00000000e1f78fa0,0x00000000e1f80000)
  to   space 5120K, 0% used [0x00000000ddc00000,0x00000000ddc00000,0x00000000de100000)
 ParOldGen       total 60928K, used 28414K [0x0000000080e00000, 0x0000000084980000, 0x00000000d5a00000)
  object space 60928K, 46% used [0x0000000080e00000,0x00000000829bf8e0,0x0000000084980000)
 Metaspace       used 50897K, capacity 51881K, committed 52184K, reserved 1095680K
  class space    used 6091K, capacity 6386K, committed 6400K, reserved 1048576K
GC Heap History (10 events):
Event: 2.106 GC heap before
{Heap before GC invocations=4 (full 1):
 PSYoungGen      total 71680K, used 5098K [0x00000000d5a00000, 0x00000000de600000, 0x0000000100000000)
  eden space 66560K, 0% used [0x00000000d5a00000,0x00000000d5a00000,0x00000000d9b00000)
  from space 5120K, 99% used [0x00000000d9b00000,0x00000000d9ffa9a0,0x00000000da000000)
  to   space 5120K, 0% used [0x00000000de100000,0x00000000de100000,0x00000000de600000)
 ParOldGen       total 87552K, used 10437K [0x0000000080e00000, 0x0000000086380000, 0x00000000d5a00000)
  object space 87552K, 11% used [0x0000000080e00000,0x0000000081831468,0x0000000086380000)
 Metaspace       used 20728K, capacity 21006K, committed 21248K, reserved 1067008K
  class space    used 2652K, capacity 2747K, committed 2816K, reserved 1048576K
Event: 2.150 GC heap after
Heap after GC invocations=4 (full 1):
 PSYoungGen      total 71680K, used 0K [0x00000000d5a00000, 0x00000000de600000, 0x0000000100000000)
  eden space 66560K, 0% used [0x00000000d5a00000,0x00000000d5a00000,0x00000000d9b00000)
  from space 5120K, 0% used [0x00000000d9b00000,0x00000000d9b00000,0x00000000da000000)
  to   space 5120K, 0% used [0x00000000de100000,0x00000000de100000,0x00000000de600000)
 ParOldGen       total 60928K, used 7622K [0x0000000080e00000, 0x0000000084980000, 0x00000000d5a00000)
  object space 60928K, 12% used [0x0000000080e00000,0x0000000081571a10,0x0000000084980000)
 Metaspace       used 20728K, capacity 21006K, committed 21248K, reserved 1067008K
  class space    used 2652K, capacity 2747K, committed 2816K, reserved 1048576K
}
Event: 3.699 GC heap before
{Heap before GC invocations=5 (full 1):
 PSYoungGen      total 71680K, used 66560K [0x00000000d5a00000, 0x00000000de600000, 0x0000000100000000)
  eden space 66560K, 100% used [0x00000000d5a00000,0x00000000d9b00000,0x00000000d9b00000)
  from space 5120K, 0% used [0x00000000d9b00000,0x00000000d9b00000,0x00000000da000000)
  to   space 5120K, 0% used [0x00000000de100000,0x00000000de100000,0x00000000de600000)
 ParOldGen       total 60928K, used 7622K [0x0000000080e00000, 0x0000000084980000, 0x00000000d5a00000)
  object space 60928K, 12% used [0x0000000080e00000,0x0000000081571a10,0x0000000084980000)
 Metaspace       used 30540K, capacity 30942K, committed 31232K, reserved 1077248K
  class space    used 3909K, capacity 4062K, committed 4096K, reserved 1048576K
Event: 3.728 GC heap after
Heap after GC invocations=5 (full 1):
 PSYoungGen      total 109568K, used 5118K [0x00000000d5a00000, 0x00000000de600000, 0x0000000100000000)
  eden space 104448K, 0% used [0x00000000d5a00000,0x00000000d5a00000,0x00000000dc000000)
  from space 5120K, 99% used [0x00000000de100000,0x00000000de5ffb18,0x00000000de600000)
  to   space 5120K, 0% used [0x00000000ddc00000,0x00000000ddc00000,0x00000000de100000)
 ParOldGen       total 60928K, used 19767K [0x0000000080e00000, 0x0000000084980000, 0x00000000d5a00000)
  object space 60928K, 32% used [0x0000000080e00000,0x000000008214df08,0x0000000084980000)
 Metaspace       used 30540K, capacity 30942K, committed 31232K, reserved 1077248K
  class space    used 3909K, capacity 4062K, committed 4096K, reserved 1048576K
}
Event: 4.545 GC heap before
{Heap before GC invocations=6 (full 1):
 PSYoungGen      total 109568K, used 32687K [0x00000000d5a00000, 0x00000000de600000, 0x0000000100000000)
  eden space 104448K, 26% used [0x00000000d5a00000,0x00000000d74ec180,0x00000000dc000000)
  from space 5120K, 99% used [0x00000000de100000,0x00000000de5ffb18,0x00000000de600000)
  to   space 5120K, 0% used [0x00000000ddc00000,0x00000000ddc00000,0x00000000de100000)
 ParOldGen       total 60928K, used 19767K [0x0000000080e00000, 0x0000000084980000, 0x00000000d5a00000)
  object space 60928K, 32% used [0x0000000080e00000,0x000000008214df08,0x0000000084980000)
 Metaspace       used 34589K, capacity 35071K, committed 35416K, reserved 1081344K
  class space    used 4358K, capacity 4477K, committed 4480K, reserved 1048576K
Event: 4.587 GC heap after
Heap after GC invocations=6 (full 1):
 PSYoungGen      total 138240K, used 5118K [0x00000000d5a00000, 0x00000000e1f80000, 0x0000000100000000)
  eden space 133120K, 0% used [0x00000000d5a00000,0x00000000d5a00000,0x00000000ddc00000)
  from space 5120K, 99% used [0x00000000ddc00000,0x00000000de0ffb08,0x00000000de100000)
  to   space 16896K, 0% used [0x00000000e0f00000,0x00000000e0f00000,0x00000000e1f80000)
 ParOldGen       total 60928K, used 26059K [0x0000000080e00000, 0x0000000084980000, 0x00000000d5a00000)
  object space 60928K, 42% used [0x0000000080e00000,0x0000000082772c48,0x0000000084980000)
 Metaspace       used 34589K, capacity 35071K, committed 35416K, reserved 1081344K
  class space    used 4358K, capacity 4477K, committed 4480K, reserved 1048576K
}
Event: 4.587 GC heap before
{Heap before GC invocations=7 (full 2):
 PSYoungGen      total 138240K, used 5118K [0x00000000d5a00000, 0x00000000e1f80000, 0x0000000100000000)
  eden space 133120K, 0% used [0x00000000d5a00000,0x00000000d5a00000,0x00000000ddc00000)
  from space 5120K, 99% used [0x00000000ddc00000,0x00000000de0ffb08,0x00000000de100000)
  to   space 16896K, 0% used [0x00000000e0f00000,0x00000000e0f00000,0x00000000e1f80000)
 ParOldGen       total 60928K, used 26059K [0x0000000080e00000, 0x0000000084980000, 0x00000000d5a00000)
  object space 60928K, 42% used [0x0000000080e00000,0x0000000082772c48,0x0000000084980000)
 Metaspace       used 34589K, capacity 35071K, committed 35416K, reserved 1081344K
  class space    used 4358K, capacity 4477K, committed 4480K, reserved 1048576K
Event: 4.728 GC heap after
Heap after GC invocations=7 (full 2):
 PSYoungGen      total 138240K, used 0K [0x00000000d5a00000, 0x00000000e1f80000, 0x0000000100000000)
  eden space 133120K, 0% used [0x00000000d5a00000,0x00000000d5a00000,0x00000000ddc00000)
  from space 5120K, 0% used [0x00000000ddc00000,0x00000000ddc00000,0x00000000de100000)
  to   space 16896K, 0% used [0x00000000e0f00000,0x00000000e0f00000,0x00000000e1f80000)
 ParOldGen       total 60928K, used 18067K [0x0000000080e00000, 0x0000000084980000, 0x00000000d5a00000)
  object space 60928K, 29% used [0x0000000080e00000,0x0000000081fa4c00,0x0000000084980000)
 Metaspace       used 34589K, capacity 35071K, committed 35416K, reserved 1081344K
  class space    used 4358K, capacity 4477K, committed 4480K, reserved 1048576K
}
Event: 8.771 GC heap before
{Heap before GC invocations=8 (full 2):
 PSYoungGen      total 138240K, used 132788K [0x00000000d5a00000, 0x00000000e1f80000, 0x0000000100000000)
  eden space 133120K, 99% used [0x00000000d5a00000,0x00000000ddbad130,0x00000000ddc00000)
  from space 5120K, 0% used [0x00000000ddc00000,0x00000000ddc00000,0x00000000de100000)
  to   space 16896K, 0% used [0x00000000e0f00000,0x00000000e0f00000,0x00000000e1f80000)
 ParOldGen       total 60928K, used 18067K [0x0000000080e00000, 0x0000000084980000, 0x00000000d5a00000)
  object space 60928K, 29% used [0x0000000080e00000,0x0000000081fa4c00,0x0000000084980000)
 Metaspace       used 43261K, capacity 43957K, committed 44376K, reserved 1087488K
  class space    used 5230K, capacity 5410K, committed 5504K, reserved 1048576K
Event: 8.815 GC heap after
Heap after GC invocations=8 (full 2):
 PSYoungGen      total 150016K, used 16867K [0x00000000d5a00000, 0x00000000e1f80000, 0x0000000100000000)
  eden space 133120K, 0% used [0x00000000d5a00000,0x00000000d5a00000,0x00000000ddc00000)
  from space 16896K, 99% used [0x00000000e0f00000,0x00000000e1f78fa0,0x00000000e1f80000)
  to   space 5120K, 0% used [0x00000000ddc00000,0x00000000ddc00000,0x00000000de100000)
 ParOldGen       total 60928K, used 28414K [0x0000000080e00000, 0x0000000084980000, 0x00000000d5a00000)
  object space 60928K, 46% used [0x0000000080e00000,0x00000000829bf8e0,0x0000000084980000)
 Metaspace       used 43261K, capacity 43957K, committed 44376K, reserved 1087488K
  class space    used 5230K, capacity 5410K, committed 5504K, reserved 1048576K
}

